<?xml version="1.0" encoding="UTF-8"?>
<!-- Generated by org.testng.reporters.JUnitReportReporter -->
<testsuite hostname="DESKTOP-OHC4M62" failures="0" tests="1" name="com.Shoppers_Stack_TestScripts.User_Is_able_to_delete_address_or_Not" time="24.883" errors="0" timestamp="2024-05-26T12:42:45 IST" skipped="0">
  <testcase classname="com.Shoppers_Stack_TestScripts.User_Is_able_to_delete_address_or_Not" name="addAddress" time="24.883"/>
</testsuite> <!-- com.Shoppers_Stack_TestScripts.User_Is_able_to_delete_address_or_Not -->
