<?xml version="1.0" encoding="UTF-8"?>
<!-- Generated by org.testng.reporters.JUnitReportReporter -->
<testsuite hostname="DESKTOP-OHC4M62" failures="0" tests="1" name="com.Shoppers_Stack_TestScripts.User_Is_able_to_delete_address_or_Not_Test" time="28.059" errors="0" timestamp="2024-05-28T16:17:26 IST" skipped="0">
  <testcase classname="com.Shoppers_Stack_TestScripts.User_Is_able_to_delete_address_or_Not_Test" name="deleteAddress" time="28.059"/>
</testsuite> <!-- com.Shoppers_Stack_TestScripts.User_Is_able_to_delete_address_or_Not_Test -->
