<?xml version="1.0" encoding="UTF-8"?>
<!-- Generated by org.testng.reporters.JUnitReportReporter -->
<testsuite hostname="DESKTOP-OHC4M62" failures="0" tests="1" name="com.Shoppers_Stack_TestScripts.User_is_able_to_update_address_or_not" time="64.684" errors="0" timestamp="2024-05-28T16:44:31 IST" skipped="0">
  <testcase classname="com.Shoppers_Stack_TestScripts.User_is_able_to_update_address_or_not" name="updateAddress" time="64.684"/>
</testsuite> <!-- com.Shoppers_Stack_TestScripts.User_is_able_to_update_address_or_not -->
