<?xml version="1.0" encoding="UTF-8"?>
<!-- Generated by org.testng.reporters.JUnitReportReporter -->
<testsuite hostname="DESKTOP-OHC4M62" failures="0" tests="1" name="com.Shoppers_Stack_TestScripts.User_is_able_to_add_address_or_not_Test" time="30.161" errors="0" timestamp="2024-05-28T16:14:54 IST" skipped="0">
  <testcase classname="com.Shoppers_Stack_TestScripts.User_is_able_to_add_address_or_not_Test" name="addAddress" time="30.161"/>
</testsuite> <!-- com.Shoppers_Stack_TestScripts.User_is_able_to_add_address_or_not_Test -->
