<?xml version="1.0" encoding="UTF-8"?>
<!-- Generated by org.testng.reporters.JUnitReportReporter -->
<testsuite hostname="DESKTOP-OHC4M62" failures="0" tests="1" name="com.Shoppers_Stack_TestScripts.User_is_able_to_add_address_or_not" time="41.818" errors="0" timestamp="2024-05-26T12:34:50 IST" skipped="0">
  <testcase classname="com.Shoppers_Stack_TestScripts.User_is_able_to_add_address_or_not" name="addAddress" time="41.818"/>
</testsuite> <!-- com.Shoppers_Stack_TestScripts.User_is_able_to_add_address_or_not -->
